constructor called
***************** Processor info. **********    START
python_version: 3.7.7.final.0 (64 bit)
cpuinfo_version: [5, 0, 0]
arch: X86_64
bits: 64
count: 8
raw_arch_string: AMD64
vendor_id: GenuineIntel
brand: Intel(R) Core(TM) i7-4790 CPU @ 3.60GHz
hz_advertised: 3.6000 GHz
hz_actual: 3.6010 GHz
hz_advertised_raw: [3600000000, 0]
hz_actual_raw: [3601000000, 0]
l2_cache_size: 1024 KB
stepping: 3
model: 60
family: 6
l3_cache_size: 8192 KB
flags: ['3dnow', 'abm', 'acpi', 'aes', 'apic', 'avx', 'avx2', 'bmi1', 'bmi2', 'clflush', 'cmov', 'cx16', 'cx8', 'de', 'ds_cpl', 'dtes64', 'dts', 'erms', 'est', 'f16c', 'fma', 'fpu', 'fxsr', 'ht', 'ia64', 'invpcid', 'lahf_lm', 'mca', 'mce', 'mmx', 'monitor', 'movbe', 'msr', 'mtrr', 'osxsave', 'pae', 'pat', 'pbe', 'pcid', 'pclmulqdq', 'pdcm', 'pge', 'pni', 'popcnt', 'pse', 'pse36', 'rdrnd', 'sep', 'serial', 'smep', 'smx', 'ss', 'sse', 'sse2', 'sse4_1', 'sse4_2', 'ssse3', 'tm', 'tm2', 'tsc', 'tscdeadline', 'vme', 'vmx', 'x2apic', 'xsave', 'xtpr']
l2_cache_line_size: 6
l2_cache_associativity: 0x100
extended_model: 3
{'arch': 'X86_64', 'logical_cores': 8, 'gen': 'Intel(R) Core(TM) i7-4790 CPU @ 3.60GHz'}
****************Processor info. ***********    END
x is **
<generator object process_iter at 0x000002285FD86AC8>
14128
LoadStats constructor
******************* Started Logging CPU/Memo loads !!, Hold q to Exit *****************
Exitting Program Now !!
Overall CPU Load in %: 
[11.5, 2.9, 3.1, 22.4, 20.7, 32.4, 28.5, 30.7, 30.5, 25.0, 22.3, 22.5, 56.3, 49.9, 16.1, 7.2, 10.2, 11.3, 11.7, 11.3, 10.3, 9.0, 5.5]
NUIA CPU Load in %: 
[0.0, 0.0, 0.0, 0.0, 0.0, 0.0, 0.0, 1.175, 1.3625, 0.975, 0.975, 1.175, 2.8875, 12.875, 3.65, 0.775, 0.975, 0.5875, 0.975, 0.9625, 0.975, 0.775, 0.775]
Overall Memo Load in %: 
[56.0, 56.0, 56.0, 56.1, 56.2, 56.4, 56.8, 57.2, 57.6, 57.8, 58.2, 58.4, 58.6, 57.6, 57.6, 57.6, 57.6, 57.6, 57.7, 57.7, 57.7, 57.7, 57.7]
NUIA Memo Load in %: 
[0.10761936457032212, 0.10761936457032212, 0.10761936457032212, 0.10761936457032212, 0.10761936457032212, 0.10761936457032212, 0.10761936457032212, 0.11386234421964915, 0.1123256107675071, 0.1123256107675071, 0.11535105475141176, 0.1155191349727398, 0.1162875016988108, 0.12795707135101442, 0.11842452165569584, 0.1195050373642332, 0.11890475085949022, 0.11984119780688927, 0.11640755899975941, 0.119865209267079, 0.11640755899975941, 0.12065758745333974, 0.11734400594715845]
Time axis (in seconds) 
[0.15191173553466797, 1.1637260913848877, 2.175447463989258, 3.1865572929382324, 4.197278022766113, 5.2081685066223145, 6.220556735992432, 7.236974239349365, 8.247936010360718, 9.263160228729248, 10.276618242263794, 11.290109872817993, 12.30301547050476, 13.318433046340942, 14.333447694778442, 15.347492933273315, 16.361499071121216, 17.373525142669678, 18.38578510284424, 19.397513151168823, 20.407890558242798, 21.420515775680542, 22.433539152145386]
Total      :   15.9G
Available  :    6.7G
Percent    :    57.7
Used       :    9.2G
Free       :    6.7G

Average Overall CPU load 19.621739 %
Average NUIA CPU load 1.385870 %

Length of overall cpu load = 23 
Length of process cpu load = 23 
Length of overall memo load = 23 
Length of process memo load = 23 
Length of time array = 23 
Plotting graphs now!! ************ Exporting console log to 'logfile.log' ***********
